-- Setting up BBuildEnv 3.14.4.4
-- bb_enable_warnings:  -> updating warnings flags: -Wall;-fdiagnostics-show-option;-Werror;-Wno-sign-compare;-Wno-class-memaccess
-- Configuring done
-- Generating done
-- Build files have been written to: /home/luispmendes/Data-Analyser-for-video-encoding
Scanning dependencies of target CommonLib
[  0%] Building CXX object source/Lib/CommonLib/CMakeFiles/CommonLib.dir/RdCost.cpp.o
-- Setting up BBuildEnv 3.14.4.4
-- bb_enable_warnings:  -> updating warnings flags: -Wall;-fdiagnostics-show-option;-Werror;-Wno-sign-compare;-Wno-class-memaccess
-- Configuring done
-- Generating done
-- Build files have been written to: /home/luispmendes/Data-Analyser-for-video-encoding
Scanning dependencies of target CommonLib
[  0%] Building CXX object source/Lib/CommonLib/CMakeFiles/CommonLib.dir/RdCost.cpp.o
-- Setting up BBuildEnv 3.14.4.4
-- bb_enable_warnings:  -> updating warnings flags: -Wall;-fdiagnostics-show-option;-Werror;-Wno-sign-compare;-Wno-class-memaccess
-- Configuring done
-- Generating done
-- Build files have been written to: /home/luispmendes/Data-Analyser-for-video-encoding
Scanning dependencies of target CommonLib
[  0%] Building CXX object source/Lib/CommonLib/CMakeFiles/CommonLib.dir/RdCost.cpp.o
-- Setting up BBuildEnv 3.14.4.4
-- bb_enable_warnings:  -> updating warnings flags: -Wall;-fdiagnostics-show-option;-Werror;-Wno-sign-compare;-Wno-class-memaccess
-- Configuring done
-- Generating done
-- Build files have been written to: /home/luispmendes/Data-Analyser-for-video-encoding
Scanning dependencies of target CommonLib
[  0%] Building CXX object source/Lib/CommonLib/CMakeFiles/CommonLib.dir/RdCost.cpp.o
[  1%] Linking CXX static library /home/luispmendes/VVCSoftware_VTM/lib/umake/gcc-9.4/x86_64/release/libCommonLib.a
[ 32%] Built target CommonLib
Scanning dependencies of target CommonAnalyserLib
[ 33%] Building CXX object source/Lib/CommonAnalyserLib/CMakeFiles/CommonAnalyserLib.dir/__/CommonLib/RdCost.cpp.o
[ 33%] Linking CXX static library /home/luispmendes/VVCSoftware_VTM/lib/umake/gcc-9.4/x86_64/release/libCommonAnalyserLib.a
[ 64%] Built target CommonAnalyserLib
[ 69%] Built target DecoderAnalyserLib
[ 74%] Built target DecoderLib
[ 86%] Built target EncoderLib
[ 88%] Built target Utilities
[ 88%] Linking CXX executable /home/luispmendes/VVCSoftware_VTM/bin/umake/gcc-9.4/x86_64/release/DecoderAnalyserApp
[ 89%] Built target DecoderAnalyserApp
[ 89%] Linking CXX executable /home/luispmendes/VVCSoftware_VTM/bin/umake/gcc-9.4/x86_64/release/DecoderApp
[ 91%] Built target DecoderApp
[ 91%] Linking CXX executable /home/luispmendes/VVCSoftware_VTM/bin/umake/gcc-9.4/x86_64/release/EncoderApp
[ 93%] Built target EncoderApp
[ 94%] Linking CXX executable /home/luispmendes/VVCSoftware_VTM/bin/umake/gcc-9.4/x86_64/release/SEIRemovalApp
[ 95%] Built target SEIRemovalApp
[ 96%] Linking CXX executable /home/luispmendes/VVCSoftware_VTM/bin/umake/gcc-9.4/x86_64/release/parcat
[ 96%] Built target parcat
[ 97%] Linking CXX executable /home/luispmendes/VVCSoftware_VTM/bin/umake/gcc-9.4/x86_64/release/StreamMergeApp
[ 98%] Built target StreamMergeApp
[ 98%] Linking CXX executable /home/luispmendes/VVCSoftware_VTM/bin/umake/gcc-9.4/x86_64/release/BitstreamExtractorApp
[ 99%] Built target BitstreamExtractorApp
[ 99%] Linking CXX executable /home/luispmendes/VVCSoftware_VTM/bin/umake/gcc-9.4/x86_64/release/SubpicMergeApp
[100%] Built target SubpicMergeApp
-- Setting up BBuildEnv 3.14.4.4
-- bb_enable_warnings:  -> updating warnings flags: -Wall;-fdiagnostics-show-option;-Werror;-Wno-sign-compare;-Wno-class-memaccess
-- Configuring done
-- Generating done
-- Build files have been written to: /home/luispmendes/Data-Analyser-for-video-encoding
Scanning dependencies of target CommonLib
[  0%] Building CXX object source/Lib/CommonLib/CMakeFiles/CommonLib.dir/RdCost.cpp.o
[  1%] Linking CXX static library /home/luispmendes/VVCSoftware_VTM/lib/umake/gcc-9.4/x86_64/release/libCommonLib.a
[ 32%] Built target CommonLib
Scanning dependencies of target CommonAnalyserLib
[ 33%] Building CXX object source/Lib/CommonAnalyserLib/CMakeFiles/CommonAnalyserLib.dir/__/CommonLib/RdCost.cpp.o
[ 33%] Linking CXX static library /home/luispmendes/VVCSoftware_VTM/lib/umake/gcc-9.4/x86_64/release/libCommonAnalyserLib.a
[ 64%] Built target CommonAnalyserLib
[ 69%] Built target DecoderAnalyserLib
[ 74%] Built target DecoderLib
[ 86%] Built target EncoderLib
[ 88%] Built target Utilities
[ 88%] Linking CXX executable /home/luispmendes/VVCSoftware_VTM/bin/umake/gcc-9.4/x86_64/release/DecoderAnalyserApp
[ 89%] Built target DecoderAnalyserApp
[ 89%] Linking CXX executable /home/luispmendes/VVCSoftware_VTM/bin/umake/gcc-9.4/x86_64/release/DecoderApp
[ 91%] Built target DecoderApp
[ 91%] Linking CXX executable /home/luispmendes/VVCSoftware_VTM/bin/umake/gcc-9.4/x86_64/release/EncoderApp
[ 93%] Built target EncoderApp
[ 94%] Linking CXX executable /home/luispmendes/VVCSoftware_VTM/bin/umake/gcc-9.4/x86_64/release/SEIRemovalApp
[ 95%] Built target SEIRemovalApp
[ 96%] Linking CXX executable /home/luispmendes/VVCSoftware_VTM/bin/umake/gcc-9.4/x86_64/release/parcat
[ 96%] Built target parcat
[ 97%] Linking CXX executable /home/luispmendes/VVCSoftware_VTM/bin/umake/gcc-9.4/x86_64/release/StreamMergeApp
[ 98%] Built target StreamMergeApp
[ 98%] Linking CXX executable /home/luispmendes/VVCSoftware_VTM/bin/umake/gcc-9.4/x86_64/release/BitstreamExtractorApp
[ 99%] Built target BitstreamExtractorApp
[ 99%] Linking CXX executable /home/luispmendes/VVCSoftware_VTM/bin/umake/gcc-9.4/x86_64/release/SubpicMergeApp
[100%] Built target SubpicMergeApp
-- Setting up BBuildEnv 3.14.4.4
-- bb_enable_warnings:  -> updating warnings flags: -Wall;-fdiagnostics-show-option;-Werror;-Wno-sign-compare;-Wno-class-memaccess
-- Configuring done
-- Generating done
-- Build files have been written to: /home/luispmendes/Data-Analyser-for-video-encoding
Scanning dependencies of target CommonLib
[  0%] Building CXX object source/Lib/CommonLib/CMakeFiles/CommonLib.dir/RdCost.cpp.o
[  1%] Linking CXX static library /home/luispmendes/VVCSoftware_VTM/lib/umake/gcc-9.4/x86_64/release/libCommonLib.a
[ 32%] Built target CommonLib
Scanning dependencies of target CommonAnalyserLib
[ 33%] Building CXX object source/Lib/CommonAnalyserLib/CMakeFiles/CommonAnalyserLib.dir/__/CommonLib/RdCost.cpp.o
[ 33%] Linking CXX static library /home/luispmendes/VVCSoftware_VTM/lib/umake/gcc-9.4/x86_64/release/libCommonAnalyserLib.a
[ 64%] Built target CommonAnalyserLib
[ 69%] Built target DecoderAnalyserLib
[ 74%] Built target DecoderLib
[ 86%] Built target EncoderLib
[ 88%] Built target Utilities
[ 88%] Linking CXX executable /home/luispmendes/VVCSoftware_VTM/bin/umake/gcc-9.4/x86_64/release/DecoderAnalyserApp
[ 89%] Built target DecoderAnalyserApp
[ 89%] Linking CXX executable /home/luispmendes/VVCSoftware_VTM/bin/umake/gcc-9.4/x86_64/release/DecoderApp
[ 91%] Built target DecoderApp
[ 91%] Linking CXX executable /home/luispmendes/VVCSoftware_VTM/bin/umake/gcc-9.4/x86_64/release/EncoderApp
[ 93%] Built target EncoderApp
[ 94%] Linking CXX executable /home/luispmendes/VVCSoftware_VTM/bin/umake/gcc-9.4/x86_64/release/SEIRemovalApp
[ 95%] Built target SEIRemovalApp
[ 96%] Linking CXX executable /home/luispmendes/VVCSoftware_VTM/bin/umake/gcc-9.4/x86_64/release/parcat
[ 96%] Built target parcat
[ 97%] Linking CXX executable /home/luispmendes/VVCSoftware_VTM/bin/umake/gcc-9.4/x86_64/release/StreamMergeApp
[ 98%] Built target StreamMergeApp
[ 98%] Linking CXX executable /home/luispmendes/VVCSoftware_VTM/bin/umake/gcc-9.4/x86_64/release/BitstreamExtractorApp
[ 99%] Built target BitstreamExtractorApp
[ 99%] Linking CXX executable /home/luispmendes/VVCSoftware_VTM/bin/umake/gcc-9.4/x86_64/release/SubpicMergeApp
[100%] Built target SubpicMergeApp
-- Setting up BBuildEnv 3.14.4.4
-- bb_enable_warnings:  -> updating warnings flags: -Wall;-fdiagnostics-show-option;-Werror;-Wno-sign-compare;-Wno-class-memaccess
-- Configuring done
-- Generating done
-- Build files have been written to: /home/luispmendes/Data-Analyser-for-video-encoding
Scanning dependencies of target CommonLib
[  0%] Building CXX object source/Lib/CommonLib/CMakeFiles/CommonLib.dir/RdCost.cpp.o
[  1%] Linking CXX static library /home/luispmendes/VVCSoftware_VTM/lib/umake/gcc-9.4/x86_64/release/libCommonLib.a
[ 32%] Built target CommonLib
Scanning dependencies of target CommonAnalyserLib
[ 33%] Building CXX object source/Lib/CommonAnalyserLib/CMakeFiles/CommonAnalyserLib.dir/__/CommonLib/RdCost.cpp.o
[ 33%] Linking CXX static library /home/luispmendes/VVCSoftware_VTM/lib/umake/gcc-9.4/x86_64/release/libCommonAnalyserLib.a
[ 64%] Built target CommonAnalyserLib
[ 69%] Built target DecoderAnalyserLib
[ 74%] Built target DecoderLib
[ 86%] Built target EncoderLib
[ 88%] Built target Utilities
[ 88%] Linking CXX executable /home/luispmendes/VVCSoftware_VTM/bin/umake/gcc-9.4/x86_64/release/DecoderAnalyserApp
[ 89%] Built target DecoderAnalyserApp
[ 89%] Linking CXX executable /home/luispmendes/VVCSoftware_VTM/bin/umake/gcc-9.4/x86_64/release/DecoderApp
[ 91%] Built target DecoderApp
[ 91%] Linking CXX executable /home/luispmendes/VVCSoftware_VTM/bin/umake/gcc-9.4/x86_64/release/EncoderApp
[ 93%] Built target EncoderApp
[ 94%] Linking CXX executable /home/luispmendes/VVCSoftware_VTM/bin/umake/gcc-9.4/x86_64/release/SEIRemovalApp
[ 95%] Built target SEIRemovalApp
[ 96%] Linking CXX executable /home/luispmendes/VVCSoftware_VTM/bin/umake/gcc-9.4/x86_64/release/parcat
[ 96%] Built target parcat
[ 97%] Linking CXX executable /home/luispmendes/VVCSoftware_VTM/bin/umake/gcc-9.4/x86_64/release/StreamMergeApp
[ 98%] Built target StreamMergeApp
[ 98%] Linking CXX executable /home/luispmendes/VVCSoftware_VTM/bin/umake/gcc-9.4/x86_64/release/BitstreamExtractorApp
[ 99%] Built target BitstreamExtractorApp
[ 99%] Linking CXX executable /home/luispmendes/VVCSoftware_VTM/bin/umake/gcc-9.4/x86_64/release/SubpicMergeApp
[100%] Built target SubpicMergeApp
-- Setting up BBuildEnv 3.14.4.4
-- bb_enable_warnings:  -> updating warnings flags: -Wall;-fdiagnostics-show-option;-Werror;-Wno-sign-compare;-Wno-class-memaccess
-- Configuring done
-- Generating done
-- Build files have been written to: /home/luispmendes/Data-Analyser-for-video-encoding
Scanning dependencies of target CommonLib
[  0%] Building CXX object source/Lib/CommonLib/CMakeFiles/CommonLib.dir/RdCost.cpp.o
-- Setting up BBuildEnv 3.14.4.4
-- bb_enable_warnings:  -> updating warnings flags: -Wall;-fdiagnostics-show-option;-Werror;-Wno-sign-compare;-Wno-class-memaccess
-- Configuring done
-- Generating done
-- Build files have been written to: /home/luispmendes/Data-Analyser-for-video-encoding
Scanning dependencies of target CommonLib
[  0%] Building CXX object source/Lib/CommonLib/CMakeFiles/CommonLib.dir/RdCost.cpp.o
-- Setting up BBuildEnv 3.14.4.4
-- bb_enable_warnings:  -> updating warnings flags: -Wall;-fdiagnostics-show-option;-Werror;-Wno-sign-compare;-Wno-class-memaccess
-- Configuring done
-- Generating done
-- Build files have been written to: /home/luispmendes/Data-Analyser-for-video-encoding
Scanning dependencies of target CommonLib
[  0%] Building CXX object source/Lib/CommonLib/CMakeFiles/CommonLib.dir/RdCost.cpp.o
-- Setting up BBuildEnv 3.14.4.4
-- bb_enable_warnings:  -> updating warnings flags: -Wall;-fdiagnostics-show-option;-Werror;-Wno-sign-compare;-Wno-class-memaccess
-- Configuring done
-- Generating done
-- Build files have been written to: /home/luispmendes/Data-Analyser-for-video-encoding
Scanning dependencies of target CommonLib
[  0%] Building CXX object source/Lib/CommonLib/CMakeFiles/CommonLib.dir/RdCost.cpp.o
[  1%] Linking CXX static library /home/luispmendes/VVCSoftware_VTM/lib/umake/gcc-9.4/x86_64/release/libCommonLib.a
[ 32%] Built target CommonLib
Scanning dependencies of target CommonAnalyserLib
[ 33%] Building CXX object source/Lib/CommonAnalyserLib/CMakeFiles/CommonAnalyserLib.dir/__/CommonLib/RdCost.cpp.o
[ 33%] Linking CXX static library /home/luispmendes/VVCSoftware_VTM/lib/umake/gcc-9.4/x86_64/release/libCommonAnalyserLib.a
[ 64%] Built target CommonAnalyserLib
[ 69%] Built target DecoderAnalyserLib
[ 74%] Built target DecoderLib
[ 86%] Built target EncoderLib
[ 88%] Built target Utilities
[ 88%] Linking CXX executable /home/luispmendes/VVCSoftware_VTM/bin/umake/gcc-9.4/x86_64/release/DecoderAnalyserApp
[ 89%] Built target DecoderAnalyserApp
[ 89%] Linking CXX executable /home/luispmendes/VVCSoftware_VTM/bin/umake/gcc-9.4/x86_64/release/DecoderApp
[ 91%] Built target DecoderApp
[ 91%] Linking CXX executable /home/luispmendes/VVCSoftware_VTM/bin/umake/gcc-9.4/x86_64/release/EncoderApp
[ 93%] Built target EncoderApp
[ 94%] Linking CXX executable /home/luispmendes/VVCSoftware_VTM/bin/umake/gcc-9.4/x86_64/release/SEIRemovalApp
[ 95%] Built target SEIRemovalApp
[ 96%] Linking CXX executable /home/luispmendes/VVCSoftware_VTM/bin/umake/gcc-9.4/x86_64/release/parcat
[ 96%] Built target parcat
[ 97%] Linking CXX executable /home/luispmendes/VVCSoftware_VTM/bin/umake/gcc-9.4/x86_64/release/StreamMergeApp
[ 98%] Built target StreamMergeApp
[ 98%] Linking CXX executable /home/luispmendes/VVCSoftware_VTM/bin/umake/gcc-9.4/x86_64/release/BitstreamExtractorApp
[ 99%] Built target BitstreamExtractorApp
[ 99%] Linking CXX executable /home/luispmendes/VVCSoftware_VTM/bin/umake/gcc-9.4/x86_64/release/SubpicMergeApp
[100%] Built target SubpicMergeApp
-- Setting up BBuildEnv 3.14.4.4
-- bb_enable_warnings:  -> updating warnings flags: -Wall;-fdiagnostics-show-option;-Werror;-Wno-sign-compare;-Wno-class-memaccess
-- Configuring done
-- Generating done
-- Build files have been written to: /home/luispmendes/Data-Analyser-for-video-encoding
Scanning dependencies of target CommonLib
[  0%] Building CXX object source/Lib/CommonLib/CMakeFiles/CommonLib.dir/RdCost.cpp.o
[  1%] Linking CXX static library /home/luispmendes/VVCSoftware_VTM/lib/umake/gcc-9.4/x86_64/release/libCommonLib.a
[ 32%] Built target CommonLib
Scanning dependencies of target CommonAnalyserLib
[ 33%] Building CXX object source/Lib/CommonAnalyserLib/CMakeFiles/CommonAnalyserLib.dir/__/CommonLib/RdCost.cpp.o
[ 33%] Linking CXX static library /home/luispmendes/VVCSoftware_VTM/lib/umake/gcc-9.4/x86_64/release/libCommonAnalyserLib.a
[ 64%] Built target CommonAnalyserLib
[ 69%] Built target DecoderAnalyserLib
[ 74%] Built target DecoderLib
[ 86%] Built target EncoderLib
[ 88%] Built target Utilities
[ 88%] Linking CXX executable /home/luispmendes/VVCSoftware_VTM/bin/umake/gcc-9.4/x86_64/release/DecoderAnalyserApp
[ 89%] Built target DecoderAnalyserApp
[ 89%] Linking CXX executable /home/luispmendes/VVCSoftware_VTM/bin/umake/gcc-9.4/x86_64/release/DecoderApp
[ 91%] Built target DecoderApp
[ 91%] Linking CXX executable /home/luispmendes/VVCSoftware_VTM/bin/umake/gcc-9.4/x86_64/release/EncoderApp
[ 93%] Built target EncoderApp
[ 94%] Linking CXX executable /home/luispmendes/VVCSoftware_VTM/bin/umake/gcc-9.4/x86_64/release/SEIRemovalApp
[ 95%] Built target SEIRemovalApp
[ 96%] Linking CXX executable /home/luispmendes/VVCSoftware_VTM/bin/umake/gcc-9.4/x86_64/release/parcat
[ 96%] Built target parcat
[ 97%] Linking CXX executable /home/luispmendes/VVCSoftware_VTM/bin/umake/gcc-9.4/x86_64/release/StreamMergeApp
[ 98%] Built target StreamMergeApp
[ 98%] Linking CXX executable /home/luispmendes/VVCSoftware_VTM/bin/umake/gcc-9.4/x86_64/release/BitstreamExtractorApp
[ 99%] Built target BitstreamExtractorApp
[ 99%] Linking CXX executable /home/luispmendes/VVCSoftware_VTM/bin/umake/gcc-9.4/x86_64/release/SubpicMergeApp
[100%] Built target SubpicMergeApp
-- Setting up BBuildEnv 3.14.4.4
-- bb_enable_warnings:  -> updating warnings flags: -Wall;-fdiagnostics-show-option;-Werror;-Wno-sign-compare;-Wno-class-memaccess
-- Configuring done
-- Generating done
-- Build files have been written to: /home/luispmendes/Data-Analyser-for-video-encoding
Scanning dependencies of target CommonLib
[  0%] Building CXX object source/Lib/CommonLib/CMakeFiles/CommonLib.dir/RdCost.cpp.o
[  1%] Linking CXX static library /home/luispmendes/VVCSoftware_VTM/lib/umake/gcc-9.4/x86_64/release/libCommonLib.a
[ 32%] Built target CommonLib
Scanning dependencies of target CommonAnalyserLib
[ 33%] Building CXX object source/Lib/CommonAnalyserLib/CMakeFiles/CommonAnalyserLib.dir/__/CommonLib/RdCost.cpp.o
[ 33%] Linking CXX static library /home/luispmendes/VVCSoftware_VTM/lib/umake/gcc-9.4/x86_64/release/libCommonAnalyserLib.a
[ 64%] Built target CommonAnalyserLib
[ 69%] Built target DecoderAnalyserLib
[ 74%] Built target DecoderLib
[ 86%] Built target EncoderLib
[ 88%] Built target Utilities
[ 88%] Linking CXX executable /home/luispmendes/VVCSoftware_VTM/bin/umake/gcc-9.4/x86_64/release/DecoderAnalyserApp
[ 89%] Built target DecoderAnalyserApp
[ 89%] Linking CXX executable /home/luispmendes/VVCSoftware_VTM/bin/umake/gcc-9.4/x86_64/release/DecoderApp
[ 91%] Built target DecoderApp
[ 91%] Linking CXX executable /home/luispmendes/VVCSoftware_VTM/bin/umake/gcc-9.4/x86_64/release/EncoderApp
[ 93%] Built target EncoderApp
[ 94%] Linking CXX executable /home/luispmendes/VVCSoftware_VTM/bin/umake/gcc-9.4/x86_64/release/SEIRemovalApp
[ 95%] Built target SEIRemovalApp
[ 96%] Linking CXX executable /home/luispmendes/VVCSoftware_VTM/bin/umake/gcc-9.4/x86_64/release/parcat
[ 96%] Built target parcat
[ 97%] Linking CXX executable /home/luispmendes/VVCSoftware_VTM/bin/umake/gcc-9.4/x86_64/release/StreamMergeApp
[ 98%] Built target StreamMergeApp
[ 98%] Linking CXX executable /home/luispmendes/VVCSoftware_VTM/bin/umake/gcc-9.4/x86_64/release/BitstreamExtractorApp
[ 99%] Built target BitstreamExtractorApp
[ 99%] Linking CXX executable /home/luispmendes/VVCSoftware_VTM/bin/umake/gcc-9.4/x86_64/release/SubpicMergeApp
[100%] Built target SubpicMergeApp
-- Setting up BBuildEnv 3.14.4.4
-- bb_enable_warnings:  -> updating warnings flags: -Wall;-fdiagnostics-show-option;-Werror;-Wno-sign-compare;-Wno-class-memaccess
-- Configuring done
-- Generating done
-- Build files have been written to: /home/luispmendes/Data-Analyser-for-video-encoding
Scanning dependencies of target CommonLib
[  0%] Building CXX object source/Lib/CommonLib/CMakeFiles/CommonLib.dir/RdCost.cpp.o
[  1%] Linking CXX static library /home/luispmendes/VVCSoftware_VTM/lib/umake/gcc-9.4/x86_64/release/libCommonLib.a
[ 32%] Built target CommonLib
Scanning dependencies of target CommonAnalyserLib
[ 33%] Building CXX object source/Lib/CommonAnalyserLib/CMakeFiles/CommonAnalyserLib.dir/__/CommonLib/RdCost.cpp.o
[ 33%] Linking CXX static library /home/luispmendes/VVCSoftware_VTM/lib/umake/gcc-9.4/x86_64/release/libCommonAnalyserLib.a
[ 64%] Built target CommonAnalyserLib
[ 69%] Built target DecoderAnalyserLib
[ 74%] Built target DecoderLib
[ 86%] Built target EncoderLib
[ 88%] Built target Utilities
[ 88%] Linking CXX executable /home/luispmendes/VVCSoftware_VTM/bin/umake/gcc-9.4/x86_64/release/DecoderAnalyserApp
[ 89%] Built target DecoderAnalyserApp
[ 89%] Linking CXX executable /home/luispmendes/VVCSoftware_VTM/bin/umake/gcc-9.4/x86_64/release/DecoderApp
[ 91%] Built target DecoderApp
[ 91%] Linking CXX executable /home/luispmendes/VVCSoftware_VTM/bin/umake/gcc-9.4/x86_64/release/EncoderApp
[ 93%] Built target EncoderApp
[ 94%] Linking CXX executable /home/luispmendes/VVCSoftware_VTM/bin/umake/gcc-9.4/x86_64/release/SEIRemovalApp
[ 95%] Built target SEIRemovalApp
[ 96%] Linking CXX executable /home/luispmendes/VVCSoftware_VTM/bin/umake/gcc-9.4/x86_64/release/parcat
[ 96%] Built target parcat
[ 97%] Linking CXX executable /home/luispmendes/VVCSoftware_VTM/bin/umake/gcc-9.4/x86_64/release/StreamMergeApp
[ 98%] Built target StreamMergeApp
[ 98%] Linking CXX executable /home/luispmendes/VVCSoftware_VTM/bin/umake/gcc-9.4/x86_64/release/BitstreamExtractorApp
[ 99%] Built target BitstreamExtractorApp
[ 99%] Linking CXX executable /home/luispmendes/VVCSoftware_VTM/bin/umake/gcc-9.4/x86_64/release/SubpicMergeApp
[100%] Built target SubpicMergeApp
-- Setting up BBuildEnv 3.14.4.4
-- bb_enable_warnings:  -> updating warnings flags: -Wall;-fdiagnostics-show-option;-Werror;-Wno-sign-compare;-Wno-class-memaccess
-- Configuring done
-- Generating done
-- Build files have been written to: /home/luispmendes/Data-Analyser-for-video-encoding
Scanning dependencies of target CommonLib
[  0%] Building CXX object source/Lib/CommonLib/CMakeFiles/CommonLib.dir/RdCost.cpp.o
-- Setting up BBuildEnv 3.14.4.4
-- bb_enable_warnings:  -> updating warnings flags: -Wall;-fdiagnostics-show-option;-Werror;-Wno-sign-compare;-Wno-class-memaccess
-- Configuring done
-- Generating done
-- Build files have been written to: /home/luispmendes/Data-Analyser-for-video-encoding
Scanning dependencies of target CommonLib
[  0%] Building CXX object source/Lib/CommonLib/CMakeFiles/CommonLib.dir/RdCost.cpp.o
-- Setting up BBuildEnv 3.14.4.4
-- bb_enable_warnings:  -> updating warnings flags: -Wall;-fdiagnostics-show-option;-Werror;-Wno-sign-compare;-Wno-class-memaccess
-- Configuring done
-- Generating done
-- Build files have been written to: /home/luispmendes/Data-Analyser-for-video-encoding
Scanning dependencies of target CommonLib
[  0%] Building CXX object source/Lib/CommonLib/CMakeFiles/CommonLib.dir/RdCost.cpp.o
[  1%] Linking CXX static library /home/luispmendes/VVCSoftware_VTM/lib/umake/gcc-9.4/x86_64/release/libCommonLib.a
[ 32%] Built target CommonLib
Scanning dependencies of target CommonAnalyserLib
[ 33%] Building CXX object source/Lib/CommonAnalyserLib/CMakeFiles/CommonAnalyserLib.dir/__/CommonLib/RdCost.cpp.o
[ 33%] Linking CXX static library /home/luispmendes/VVCSoftware_VTM/lib/umake/gcc-9.4/x86_64/release/libCommonAnalyserLib.a
[ 64%] Built target CommonAnalyserLib
[ 64%] Linking CXX static library /home/luispmendes/VVCSoftware_VTM/lib/umake/gcc-9.4/x86_64/release/libDecoderAnalyserLib.a
[ 69%] Built target DecoderAnalyserLib
[ 74%] Built target DecoderLib
[ 75%] Building CXX object source/Lib/EncoderLib/CMakeFiles/EncoderLib.dir/AQp.cpp.o
[ 75%] Building CXX object source/Lib/EncoderLib/CMakeFiles/EncoderLib.dir/BinEncoder.cpp.o
[ 76%] Building CXX object source/Lib/EncoderLib/CMakeFiles/EncoderLib.dir/CABACWriter.cpp.o
