encoding RaceHorses with cfg encoder_lowdelay_vtm.cfg, /home/luispmendes/VVCSoftware_VTM/cfg-files/RaceHorses.cfg and qp 37
satd used: (4x4)-1/RdCost(4x4)-1-(8x8)-SAD
encoding RaceHorses with cfg encoder_lowdelay_vtm.cfg, /home/luispmendes/VVCSoftware_VTM/cfg-files/RaceHorses.cfg and qp 37
satd used: (4x4)-1/RdCost(4x4)-1-(8x8)-5
encoding RaceHorses with cfg encoder_lowdelay_vtm.cfg, /home/luispmendes/VVCSoftware_VTM/cfg-files/RaceHorses.cfg and qp 37
satd used: (4x4)-1/RdCost(4x4)-1-(8x8)-4
encoding RaceHorses with cfg encoder_lowdelay_vtm.cfg, /home/luispmendes/VVCSoftware_VTM/cfg-files/RaceHorses.cfg and qp 37
satd used: (4x4)-1/RdCost(4x4)-1
encoding RaceHorses with cfg encoder_lowdelay_vtm.cfg, /home/luispmendes/VVCSoftware_VTM/cfg-files/RaceHorses.cfg and qp 37
satd used: (4x4)-1/VTM-4.1C-8.1C/RdCost(4x4)-1(8x8)-1
encoding RaceHorses with cfg encoder_lowdelay_vtm.cfg, /home/luispmendes/VVCSoftware_VTM/cfg-files/RaceHorses.cfg and qp 37
satd used: (4x4)-1/VTM-4.1C-8.2C/RdCost(4x4)-1(8x8)-2
encoding RaceHorses with cfg encoder_lowdelay_vtm.cfg, /home/luispmendes/VVCSoftware_VTM/cfg-files/RaceHorses.cfg and qp 37
satd used: (4x4)-1/VTM-4.1C-8.3C/RdCost(4x4)-1(8x8)-3
encoding RaceHorses with cfg encoder_lowdelay_vtm.cfg, /home/luispmendes/VVCSoftware_VTM/cfg-files/RaceHorses.cfg and qp 37
satd used: (4x4)-2/RdCost(4x4)-2-(8x8)-4
encoding RaceHorses with cfg encoder_lowdelay_vtm.cfg, /home/luispmendes/VVCSoftware_VTM/cfg-files/RaceHorses.cfg and qp 37
satd used: (4x4)-2/RdCost(4x4)-2-(8x8)-SAD
encoding RaceHorses with cfg encoder_lowdelay_vtm.cfg, /home/luispmendes/VVCSoftware_VTM/cfg-files/RaceHorses.cfg and qp 37
satd used: (4x4)-2/RdCost(4x4)-2-(8x8)-5
encoding RaceHorses with cfg encoder_lowdelay_vtm.cfg, /home/luispmendes/VVCSoftware_VTM/cfg-files/RaceHorses.cfg and qp 37
satd used: (4x4)-2/RdCost(4x4)-2
encoding RaceHorses with cfg encoder_lowdelay_vtm.cfg, /home/luispmendes/VVCSoftware_VTM/cfg-files/RaceHorses.cfg and qp 37
satd used: (4x4)-2/VTM-4.2C-8.2C/RdCost(4x4)-2(8x8)-2
encoding RaceHorses with cfg encoder_lowdelay_vtm.cfg, /home/luispmendes/VVCSoftware_VTM/cfg-files/RaceHorses.cfg and qp 37
satd used: (4x4)-2/VTM-4.2C-8.1C/RdCost(4x4)-2(8x8)-1
encoding RaceHorses with cfg encoder_lowdelay_vtm.cfg, /home/luispmendes/VVCSoftware_VTM/cfg-files/RaceHorses.cfg and qp 37
satd used: (4x4)-2/VTM-4.2C-8.3C/RdCost(4x4)-2(8x8)-3
encoding RaceHorses with cfg encoder_lowdelay_vtm.cfg, /home/luispmendes/VVCSoftware_VTM/cfg-files/RaceHorses.cfg and qp 37
satd used: (4x4)/VTM-8.5C/RdCost(8x8)-5
encoding RaceHorses with cfg encoder_lowdelay_vtm.cfg, /home/luispmendes/VVCSoftware_VTM/cfg-files/RaceHorses.cfg and qp 37
satd used: (4x4)/VTM-8.SAD/RdCost(8x8)-SAD
encoding RaceHorses with cfg encoder_lowdelay_vtm.cfg, /home/luispmendes/VVCSoftware_VTM/cfg-files/RaceHorses.cfg and qp 37
satd used: (4x4)/VTM-8.3C/RdCost(8x8)-3
encoding RaceHorses with cfg encoder_lowdelay_vtm.cfg, /home/luispmendes/VVCSoftware_VTM/cfg-files/RaceHorses.cfg and qp 37
satd used: (4x4)/VTM-8.1C/RdCost(8x8)-1
encoding RaceHorses with cfg encoder_lowdelay_vtm.cfg, /home/luispmendes/VVCSoftware_VTM/cfg-files/RaceHorses.cfg and qp 37
satd used: (4x4)/VTM-8.4C/RdCost(8x8)-4
encoding RaceHorses with cfg encoder_lowdelay_vtm.cfg, /home/luispmendes/VVCSoftware_VTM/cfg-files/RaceHorses.cfg and qp 37
satd used: (4x4)/VTM-8.2C/RdCost(8x8)-2
encoding RaceHorses with cfg encoder_lowdelay_vtm.cfg, /home/luispmendes/VVCSoftware_VTM/cfg-files/RaceHorses.cfg and qp 37
satd used: (4x4)-3/RdCost(4x4)-3-(8x8)-5
encoding RaceHorses with cfg encoder_lowdelay_vtm.cfg, /home/luispmendes/VVCSoftware_VTM/cfg-files/RaceHorses.cfg and qp 37
satd used: (4x4)-3/RdCost(4x4)-3
encoding RaceHorses with cfg encoder_lowdelay_vtm.cfg, /home/luispmendes/VVCSoftware_VTM/cfg-files/RaceHorses.cfg and qp 37
satd used: (4x4)-3/RdCost(4x4)-3-(8x8)-SAD
encoding RaceHorses with cfg encoder_lowdelay_vtm.cfg, /home/luispmendes/VVCSoftware_VTM/cfg-files/RaceHorses.cfg and qp 37
satd used: (4x4)-3/RdCost(4x4)-3-(8x8)-4
encoding RaceHorses with cfg encoder_lowdelay_vtm.cfg, /home/luispmendes/VVCSoftware_VTM/cfg-files/RaceHorses.cfg and qp 37
satd used: (4x4)-3/VTM-4.3C-8.2C/RdCost(4x4)-3(8x8)-2
encoding RaceHorses with cfg encoder_lowdelay_vtm.cfg, /home/luispmendes/VVCSoftware_VTM/cfg-files/RaceHorses.cfg and qp 37
satd used: (4x4)-3/VTM-4.3C-8.3C/RdCost(4x4)-3(8x8)-3
encoding RaceHorses with cfg encoder_lowdelay_vtm.cfg, /home/luispmendes/VVCSoftware_VTM/cfg-files/RaceHorses.cfg and qp 37
satd used: (4x4)-3/VTM-4.3C-8.1C/RdCost(4x4)-3(8x8)-1
encoding RaceHorses with cfg encoder_lowdelay_vtm.cfg, /home/luispmendes/VVCSoftware_VTM/cfg-files/RaceHorses.cfg and qp 37
satd used: (4x4)-SAD/RdCost(4x4)-SAD
encoding RaceHorses with cfg encoder_lowdelay_vtm.cfg, /home/luispmendes/VVCSoftware_VTM/cfg-files/RaceHorses.cfg and qp 37
satd used: (4x4)-SAD/RdCost(4x4)-SAD-(8x8)-SAD
encoding RaceHorses with cfg encoder_lowdelay_vtm.cfg, /home/luispmendes/VVCSoftware_VTM/cfg-files/RaceHorses.cfg and qp 37
satd used: (4x4)-SAD/RdCost(4x4)-SAD-(8x8)-5
encoding RaceHorses with cfg encoder_lowdelay_vtm.cfg, /home/luispmendes/VVCSoftware_VTM/cfg-files/RaceHorses.cfg and qp 37
satd used: (4x4)-SAD/RdCost(4x4)-SAD-(8x8)-4
encoding RaceHorses with cfg encoder_lowdelay_vtm.cfg, /home/luispmendes/VVCSoftware_VTM/cfg-files/RaceHorses.cfg and qp 37
satd used: (4x4)-SAD/VTM-4.SAD-8.2C/RdCost(4x4)-SAD(8x8)-2
encoding RaceHorses with cfg encoder_lowdelay_vtm.cfg, /home/luispmendes/VVCSoftware_VTM/cfg-files/RaceHorses.cfg and qp 37
satd used: (4x4)-SAD/VTM-4.SAD-8.3C/RdCost(4x4)-SAD(8x8)-3
encoding RaceHorses with cfg encoder_lowdelay_vtm.cfg, /home/luispmendes/VVCSoftware_VTM/cfg-files/RaceHorses.cfg and qp 37
satd used: (4x4)-SAD/VTM-4.SAD-8.1C/RdCost(4x4)-SAD(8x8)-1
